#
# There is insufficient memory for the Java Runtime Environment to continue.
# Native memory allocation (malloc) failed to allocate 1048576 bytes for AllocateHeap
# Possible reasons:
#   The system is out of physical RAM or swap space
#   In 32 bit mode, the process size limit was hit
# Possible solutions:
#   Reduce memory load on the system
#   Increase physical memory or swap space
#   Check if swap backing store is full
#   Use 64 bit Java on a 64 bit OS
#   Decrease Java heap size (-Xmx/-Xms)
#   Decrease number of Java threads
#   Decrease Java thread stack sizes (-Xss)
#   Set larger code cache with -XX:ReservedCodeCacheSize=
# This output file may be truncated or incomplete.
#
#  Out of Memory Error (memory/allocation.inline.hpp:61), pid=24748, tid=0x00000000000023d4
#
# JRE version:  (8.0_111-b14) (build )
# Java VM: Java HotSpot(TM) 64-Bit Server VM (25.111-b14 mixed mode windows-amd64 compressed oops)
# Failed to write core dump. Minidumps are not enabled by default on client versions of Windows
#

---------------  T H R E A D  ---------------

Current thread (0x00000000052f8800):  JavaThread "Unknown thread" [_thread_in_vm, id=9172, stack(0x00000000051f0000,0x00000000052f0000)]

Stack: [0x00000000051f0000,0x00000000052f0000]
[error occurred during error reporting (printing stack bounds), id 0xc0000005]

Native frames: (J=compiled Java code, j=interpreted, Vv=VM code, C=native code)


---------------  P R O C E S S  ---------------

Java Threads: ( => current thread )

Other Threads:

=>0x00000000052f8800 (exited) JavaThread "Unknown thread" [_thread_in_vm, id=9172, stack(0x00000000051f0000,0x00000000052f0000)]

VM state:not at safepoint (normal execution)

VM Mutex/Monitor currently owned by a thread: None

Heap:
 PSYoungGen      total 38400K, used 665K [0x00000000d5d80000, 0x00000000d8800000, 0x0000000100000000)
  eden space 33280K, 2% used [0x00000000d5d80000,0x00000000d5e26670,0x00000000d7e00000)
  from space 5120K, 0% used [0x00000000d8300000,0x00000000d8300000,0x00000000d8800000)
  to   space 5120K, 0% used [0x00000000d7e00000,0x00000000d7e00000,0x00000000d8300000)
 ParOldGen       total 87552K, used 0K [0x0000000081800000, 0x0000000086d80000, 0x00000000d5d80000)
  object space 87552K, 0% used [0x0000000081800000,0x0000000081800000,0x0000000086d80000)
 Metaspace       used 770K, capacity 4480K, committed 4480K, reserved 1056768K
  class space    used 75K, capacity 384K, committed 384K, reserved 1048576K

Card table byte_map: [0x00000000147d0000,0x0000000014bd0000] byte_map_base: 0x00000000143c4000

Marking Bits: (ParMarkBitMap*) 0x00000000515ba6c0
 Begin Bits: [0x0000000015280000, 0x0000000017220000)
 End Bits:   [0x0000000017220000, 0x00000000191c0000)

Polling page: 0x00000000035d0000

CodeCache: size=245760Kb used=328Kb max_used=328Kb free=245431Kb
 bounds [0x0000000005410000, 0x0000000005680000, 0x0000000014410000]
 total_blobs=58 nmethods=0 adapters=38
 compilation: enabled

Compilation events (0 events):
No events

GC Heap History (0 events):
No events

Deoptimization events (0 events):
No events

Internal exceptions (0 events):
No events

Events (10 events):
Event: 0.045 loading class java/lang/Short
Event: 0.045 loading class java/lang/Short done
Event: 0.045 loading class java/lang/Integer
Event: 0.045 loading class java/lang/Integer done
Event: 0.045 loading class java/lang/Long
Event: 0.045 loading class java/lang/Long done
Event: 0.046 loading class java/lang/NullPointerException
Event: 0.046 loading class java/lang/NullPointerException done
Event: 0.046 loading class java/lang/ArithmeticException
Event: 0.046 loading class java/lang/ArithmeticException done


Dynamic libraries:
0x00007ff797850000 - 0x00007ff797887000 	C:\Program Files\Java\jdk1.8.0_111\bin\java.exe
0x00007ffd63d10000 - 0x00007ffd63ef0000 	C:\WINDOWS\SYSTEM32\ntdll.dll
0x00007ffd611e0000 - 0x00007ffd6128e000 	C:\WINDOWS\System32\KERNEL32.DLL
0x00007ffd60350000 - 0x00007ffd605b6000 	C:\WINDOWS\System32\KERNELBASE.dll
0x00007ffd63910000 - 0x00007ffd639b1000 	C:\WINDOWS\System32\ADVAPI32.dll
0x00007ffd62e30000 - 0x00007ffd62ecd000 	C:\WINDOWS\System32\msvcrt.dll
0x00007ffd62c00000 - 0x00007ffd62c5b000 	C:\WINDOWS\System32\sechost.dll
0x00007ffd62c90000 - 0x00007ffd62daf000 	C:\WINDOWS\System32\RPCRT4.dll
0x00007ffd63b50000 - 0x00007ffd63cdf000 	C:\WINDOWS\System32\USER32.dll
0x00007ffd605c0000 - 0x00007ffd605e0000 	C:\WINDOWS\System32\win32u.dll
0x00007ffd62c60000 - 0x00007ffd62c88000 	C:\WINDOWS\System32\GDI32.dll
0x00007ffd60110000 - 0x00007ffd602a3000 	C:\WINDOWS\System32\gdi32full.dll
0x00007ffd602b0000 - 0x00007ffd6034b000 	C:\WINDOWS\System32\msvcp_win.dll
0x00007ffd610e0000 - 0x00007ffd611d6000 	C:\WINDOWS\System32\ucrtbase.dll
0x00007ffd559c0000 - 0x00007ffd55c29000 	C:\WINDOWS\WinSxS\amd64_microsoft.windows.common-controls_6595b64144ccf1df_6.0.16299.431_none_15c7d3ee93659e73\COMCTL32.dll
0x00007ffd635a0000 - 0x00007ffd638a8000 	C:\WINDOWS\System32\combase.dll
0x00007ffd60f60000 - 0x00007ffd60fd2000 	C:\WINDOWS\System32\bcryptPrimitives.dll
0x00007ffd62fa0000 - 0x00007ffd62fcd000 	C:\WINDOWS\System32\IMM32.DLL
0x0000000054b00000 - 0x0000000054bd2000 	C:\Program Files\Java\jdk1.8.0_111\jre\bin\msvcr100.dll
0x0000000050da0000 - 0x000000005163a000 	C:\Program Files\Java\jdk1.8.0_111\jre\bin\server\jvm.dll
0x00007ffd62bf0000 - 0x00007ffd62bf8000 	C:\WINDOWS\System32\PSAPI.DLL
0x00007ffd502b0000 - 0x00007ffd502b9000 	C:\WINDOWS\SYSTEM32\WSOCK32.dll
0x00007ffd62fd0000 - 0x00007ffd6303c000 	C:\WINDOWS\System32\WS2_32.dll
0x00007ffd5d7f0000 - 0x00007ffd5d813000 	C:\WINDOWS\SYSTEM32\WINMM.dll
0x00007ffd59390000 - 0x00007ffd5939a000 	C:\WINDOWS\SYSTEM32\VERSION.dll
0x00007ffd5d6b0000 - 0x00007ffd5d6da000 	C:\WINDOWS\SYSTEM32\WINMMBASE.dll
0x00007ffd60fe0000 - 0x00007ffd6102a000 	C:\WINDOWS\System32\cfgmgr32.dll
0x0000000054af0000 - 0x0000000054aff000 	C:\Program Files\Java\jdk1.8.0_111\jre\bin\verify.dll
0x0000000054ac0000 - 0x0000000054ae9000 	C:\Program Files\Java\jdk1.8.0_111\jre\bin\java.dll
0x0000000054aa0000 - 0x0000000054ab6000 	C:\Program Files\Java\jdk1.8.0_111\jre\bin\zip.dll

VM Arguments:
jvm_args: -Didea.launcher.port=7533 -Didea.launcher.bin.path=C:\Program Files (x86)\JetBrains\IntelliJ IDEA 2016.3\bin -Dfile.encoding=UTF-8 
java_command: com.intellij.rt.execution.application.AppMain com.one.javatest.test.httpClientAuth.JavaNetURLRestFulClient
java_class_path (initial): C:\Program Files\Java\jdk1.8.0_111\jre\lib\charsets.jar;C:\Program Files\Java\jdk1.8.0_111\jre\lib\deploy.jar;C:\Program Files\Java\jdk1.8.0_111\jre\lib\ext\access-bridge-64.jar;C:\Program Files\Java\jdk1.8.0_111\jre\lib\ext\cldrdata.jar;C:\Program Files\Java\jdk1.8.0_111\jre\lib\ext\dnsns.jar;C:\Program Files\Java\jdk1.8.0_111\jre\lib\ext\jaccess.jar;C:\Program Files\Java\jdk1.8.0_111\jre\lib\ext\jfxrt.jar;C:\Program Files\Java\jdk1.8.0_111\jre\lib\ext\localedata.jar;C:\Program Files\Java\jdk1.8.0_111\jre\lib\ext\nashorn.jar;C:\Program Files\Java\jdk1.8.0_111\jre\lib\ext\sunec.jar;C:\Program Files\Java\jdk1.8.0_111\jre\lib\ext\sunjce_provider.jar;C:\Program Files\Java\jdk1.8.0_111\jre\lib\ext\sunmscapi.jar;C:\Program Files\Java\jdk1.8.0_111\jre\lib\ext\sunpkcs11.jar;C:\Program Files\Java\jdk1.8.0_111\jre\lib\ext\zipfs.jar;C:\Program Files\Java\jdk1.8.0_111\jre\lib\javaws.jar;C:\Program Files\Java\jdk1.8.0_111\jre\lib\jce.jar;C:\Program Files\Java\jdk1.8.0_111\jre\lib\jfr.jar;C:\Program Files\Java\jdk1.8.0_111\jre\lib\jfxswt.jar;C:\Program Files\Java\jdk1.8.0_111\jre\lib\jsse.jar;C:\Program Files\Java\jdk1.8.0_111\jre\lib\management-agent.jar;C:\Program Files\Java\jdk1.8.0_111\jre\lib\plugin.jar;C:\Program Files\Java\jdk1.8.0_111\jre\lib\resources.jar;C:\Program Files\Java\jdk1.8.0_111\jre\lib\rt.jar;D:\SwingProjectTests\SpringProjectsTesto\SpringMVCDemo1\SSH\out\production\SSHTest1;D:\SwingProjectTests\SpringProjectsTesto\SpringMVCDemo1\SSH\lib\spring-aspects-4.3.13.RELEASE.jar;D:\SwingProjectTests\SpringProjectsTesto\SpringMVCDemo1\SSH\lib\spring-aop-4.3.13.RELEASE.jar;D:\SwingProjectTests\SpringProjectsTesto\SpringMVCDemo1\SSH\lib\spring-context-support-4.3.13.RELEASE.jar;D:\SwingProjectTests\SpringProjectsTesto\SpringMVCDemo1\SSH\lib\spring-beans-4.3.13.RELEASE.jar;D:\SwingProjectTests\SpringProjectsTesto\SpringMVCDemo1\SSH\lib\spring-instrument-4.3.13.RELEASE.jar;D:\SwingProjectTests\SpringProjectsTesto\SpringMVCDemo1\SSH\lib\spring
Launcher Type: SUN_STANDARD

Environment Variables:
JAVA_HOME=C:\Program Files\Java\jdk1.8.0_131
CLASSPATH=.;C:\Program Files\Java\jdk1.8.0_131\lib\dt.jar;C:\Program Files\Java\jdk1.8.0_131\lib\tools.jar;D:\javaPage\java_ee_sdk-7u2\glassfish4;D:\javaPage\JavaEESDK\java_ee_sdk-7u3\glassfish4\glassfish\lib\javaee.jar;C:\Program Files\Java\jdk1.8.0_131\jre\bin
PATH=C:\Program Files\Docker\Docker\Resources\bin;C:\ProgramData\Oracle\Java\javapath;C:\Program Files (x86)\Intel\iCLS Client\;C:\Program Files\Intel\iCLS Client\;C:\Windows\system32;C:\Windows;C:\Windows\System32\Wbem;C:\Windows\System32\WindowsPowerShell\v1.0\;C:\Program Files (x86)\NVIDIA Corporation\PhysX\Common;C:\Program Files (x86)\Intel\Intel(R) Management Engine Components\DAL;C:\Program Files\Intel\Intel(R) Management Engine Components\DAL;C:\Program Files (x86)\Intel\Intel(R) Management Engine Components\IPT;C:\Program Files\Intel\Intel(R) Management Engine Components\IPT;C:\WINDOWS\system32;C:\WINDOWS;C:\WINDOWS\System32\Wbem;C:\WINDOWS\System32\WindowsPowerShell\v1.0\;C:\Program Files\Java\jdk1.8.0_131\bin;D:\javaPage\java_ee_sdk-7u2\glassfish4;D:\javaPage\JavaEESDK\java_ee_sdk-7u3\glassfish4\glassfish\bin;C:\Program Files\Git\cmd;C:\Program Files\nodejs\;C:\Users\vtstar\AppData\Local\Android\sdk\platform-tools;%GRADEL_HOME%\bin;C:\Python27;C:\Users\vtstar\AppData\Local\Android\sdk\tools;D:\Mysql\mysql\mysql-5.7.18-winx64\mysql-5.7.18-winx64\bin;C:\Program Files\Microsoft SQL Server\110\DTS\Binn\;C:\Program Files (x86)\Microsoft SQL Server\110\Tools\Binn\;C:\Program Files\Microsoft SQL Server\110\Tools\Binn\;C:\Program Files (x86)\Microsoft SQL Server\110\Tools\Binn\ManagementStudio\;C:\Program Files (x86)\Microsoft Visual Studio 10.0\Common7\IDE\PrivateAssemblies\;C:\Program Files (x86)\Microsoft SQL Server\110\DTS\Binn\;C:\Program Files\Intel\WiFi\bin\;C:\Program Files\Common Files\Intel\WirelessCommon\;D:\SQL\doc\pg96\bin;D:\javaPage\maven\apache-maven-3.5.3\bin;D:\javaPage\gradle\gradle-4.7-all\gradle-4.7\bin;C:\Users\vtstar\AppData\Local\Microsoft\WindowsApps;C:\Users\vtstar\AppData\Roaming\npm;C:\Users\vtstar\AppData\Local\Android\sdk\platform-tools;C:\Users\vtstar\AppData\Local\Android\sdk\platform-tools;D:\docs.docker\dockerFile\dockerInstallPath\Boot2Docker for Windows;
USERNAME=vtstar
OS=Windows_NT
PROCESSOR_IDENTIFIER=Intel64 Family 6 Model 142 Stepping 9, GenuineIntel



---------------  S Y S T E M  ---------------

OS: Windows 10.0 , 64 bit Build 16299 (10.0.16299.431)

CPU:total 4 (2 cores per cpu, 2 threads per core) family 6 model 142 stepping 9, cmov, cx8, fxsr, mmx, sse, sse2, sse3, ssse3, sse4.1, sse4.2, popcnt, avx, avx2, aes, clmul, erms, 3dnowpref, lzcnt, ht, tsc, tscinvbit, bmi1, bmi2, adx

Memory: 4k page, physical 8283704k(1920060k free), swap 14177436k(5460k free)

vm_info: Java HotSpot(TM) 64-Bit Server VM (25.111-b14) for windows-amd64 JRE (1.8.0_111-b14), built on Sep 22 2016 19:24:05 by "java_re" with MS VC++ 10.0 (VS2010)

time: Fri Jun 01 14:31:48 2018
elapsed time: 0 seconds (0d 0h 0m 0s)

